2024.09.09 16:25:40 INFO  Started: Metals version 1.3.5 in folders '/mnt/a66ad743-1601-4348-99ee-1e8f5b440f29/UCSC/SCS 2204 - Functional Programming/Practicals - Viva/22001239_Practical_10/negateFunction' for client Visual Studio Code 1.93.0.[0m
2024.09.09 16:25:40 INFO  time: initialize in 0.18s[0m
SLF4J(W): Class path contains multiple SLF4J providers.
SLF4J(W): Found provider [scribe.slf4j.ScribeServiceProvider@31a7451c]
SLF4J(W): Found provider [ch.qos.logback.classic.spi.LogbackServiceProvider@76a20dc2]
SLF4J(W): See https://www.slf4j.org/codes.html#multiple_bindings for an explanation.
SLF4J(I): Actual provider is of type [scribe.slf4j.ScribeServiceProvider@31a7451c]
2024.09.09 16:25:45 WARN  Flyway upgrade recommended: H2 2.3.230 is newer than this version of Flyway and support has not been tested. The latest supported version of H2 is 2.2.220.[0m
2024.09.09 16:25:47 INFO  no build target found for /mnt/a66ad743-1601-4348-99ee-1e8f5b440f29/UCSC/SCS 2204 - Functional Programming/Practicals - Viva/22001239_Practical_10/negateFunction/NegateFunction.scala. Using presentation compiler with project's scala-library version: 3.3.3[0m
2024.09.09 16:25:51 INFO  Running List(/home/kasun_mendis/.local/share/coursier/bin/scala-cli, setup-ide, /mnt/a66ad743-1601-4348-99ee-1e8f5b440f29/UCSC/SCS 2204 - Functional Programming/Practicals - Viva/22001239_Practical_10/negateFunction)[0m
2024.09.09 16:25:53 INFO  Attempting to connect to the build server...[0m
2024.09.09 16:25:53 INFO  Running BSP server List(/home/kasun_mendis/.local/share/coursier/bin/.scala-cli.aux, bsp, --json-options, /mnt/a66ad743-1601-4348-99ee-1e8f5b440f29/UCSC/SCS 2204 - Functional Programming/Practicals - Viva/22001239_Practical_10/negateFunction/.scala-build/ide-options-v2.json, --json-launcher-options, /mnt/a66ad743-1601-4348-99ee-1e8f5b440f29/UCSC/SCS 2204 - Functional Programming/Practicals - Viva/22001239_Practical_10/negateFunction/.scala-build/ide-launcher-options.json, --envs-file, /mnt/a66ad743-1601-4348-99ee-1e8f5b440f29/UCSC/SCS 2204 - Functional Programming/Practicals - Viva/22001239_Practical_10/negateFunction/.scala-build/ide-envs.json, /mnt/a66ad743-1601-4348-99ee-1e8f5b440f29/UCSC/SCS 2204 - Functional Programming/Practicals - Viva/22001239_Practical_10/negateFunction)[0m
2024.09.09 16:25:53 INFO  tracing is disabled for protocol BSP, to enable tracing of incoming and outgoing JSON messages create an empty file at /mnt/a66ad743-1601-4348-99ee-1e8f5b440f29/UCSC/SCS 2204 - Functional Programming/Practicals - Viva/22001239_Practical_10/negateFunction/.metals/bsp.trace.json or /home/kasun_mendis/.cache/metals/bsp.trace.json[0m
2024.09.09 16:25:56 INFO  BSP server: Starting compilation server[0m
2024.09.09 16:26:04 WARN  Could not find semantic tokens for: file:///mnt/a66ad743-1601-4348-99ee-1e8f5b440f29/UCSC/SCS%202204%20-%20Functional%20Programming/Practicals%20-%20Viva/22001239_Practical_10/negateFunction/NegateFunction.scala[0m
2024.09.09 16:26:06 INFO  no build target found for /mnt/a66ad743-1601-4348-99ee-1e8f5b440f29/UCSC/SCS 2204 - Functional Programming/Practicals - Viva/22001239_Practical_10/negateFunction/NegateFunction.scala. Using presentation compiler with project's scala-library version: 3.3.3[0m
2024.09.09 16:26:06 WARN  Could not find semantic tokens for: file:///mnt/a66ad743-1601-4348-99ee-1e8f5b440f29/UCSC/SCS%202204%20-%20Functional%20Programming/Practicals%20-%20Viva/22001239_Practical_10/negateFunction/NegateFunction.scala[0m
2024.09.09 16:26:33 INFO  BSP server: Error: java.util.concurrent.TimeoutException: Future timed out after [30 seconds][0m
2024.09.09 16:26:33 INFO  BSP server: For more details, please see '/mnt/a66ad743-1601-4348-99ee-1e8f5b440f29/UCSC/SCS 2204 - Functional Programming/Practicals - Viva/22001239_Practical_10/negateFunction/.scala-build/stacktraces/1725879393-2068436854985458886.log'[0m
2024.09.09 16:26:53 ERROR Timeout waiting for 'build/initialize' response[0m
2024.09.09 16:26:53 WARN  Retrying connection to the build server scala-cli[0m
2024.09.09 16:26:53 INFO  Running BSP server List(/home/kasun_mendis/.local/share/coursier/bin/.scala-cli.aux, bsp, --json-options, /mnt/a66ad743-1601-4348-99ee-1e8f5b440f29/UCSC/SCS 2204 - Functional Programming/Practicals - Viva/22001239_Practical_10/negateFunction/.scala-build/ide-options-v2.json, --json-launcher-options, /mnt/a66ad743-1601-4348-99ee-1e8f5b440f29/UCSC/SCS 2204 - Functional Programming/Practicals - Viva/22001239_Practical_10/negateFunction/.scala-build/ide-launcher-options.json, --envs-file, /mnt/a66ad743-1601-4348-99ee-1e8f5b440f29/UCSC/SCS 2204 - Functional Programming/Practicals - Viva/22001239_Practical_10/negateFunction/.scala-build/ide-envs.json, /mnt/a66ad743-1601-4348-99ee-1e8f5b440f29/UCSC/SCS 2204 - Functional Programming/Practicals - Viva/22001239_Practical_10/negateFunction)[0m
2024.09.09 16:26:53 INFO  tracing is disabled for protocol BSP, to enable tracing of incoming and outgoing JSON messages create an empty file at /mnt/a66ad743-1601-4348-99ee-1e8f5b440f29/UCSC/SCS 2204 - Functional Programming/Practicals - Viva/22001239_Practical_10/negateFunction/.metals/bsp.trace.json or /home/kasun_mendis/.cache/metals/bsp.trace.json[0m
2024.09.09 16:27:10 INFO  time: Connected to build server in 1m17s[0m
2024.09.09 16:27:10 INFO  Connected to Build server: scala-cli v1.3.2[0m
2024.09.09 16:27:17 INFO  compiling negatefunction_f4dd477a3a (1 scala source)[0m
2024.09.09 16:27:33 INFO  time: Imported build in 22s[0m
2024.09.09 16:27:33 INFO  running doctor check[0m
2024.09.09 16:27:33 INFO  java targets: negateFunction_f4dd477a3a-test, negateFunction_f4dd477a3a[0m
2024.09.09 16:27:43 WARN  Flyway upgrade recommended: H2 2.3.230 is newer than this version of Flyway and support has not been tested. The latest supported version of H2 is 2.2.220.[0m
2024.09.09 16:27:51 INFO  time: indexed workspace in 18s[0m
2024.09.09 16:27:52 INFO  compiling negatefunction_f4dd477a3a (1 scala source)[0m
2024.09.09 16:27:51 ERROR /mnt/a66ad743-1601-4348-99ee-1e8f5b440f29/UCSC/SCS 2204 - Functional Programming/Practicals - Viva/22001239_Practical_10/negateFunction/NegateFunction.scala
scala.meta.internal.tokenizers.package$UnexpectedInputEndException
	at scala.meta.internal.tokenizers.LegacyScanner.$anonfun$nextToken$1(LegacyScanner.scala:172)
	at scala.Function0.apply$mcV$sp(Function0.scala:42)
	at scala.meta.internal.tokenizers.LegacyScanner.scala$meta$internal$tokenizers$LegacyScanner$$nextToken(LegacyScanner.scala:178)
	at scala.meta.internal.tokenizers.LegacyScanner.nextToken(LegacyScanner.scala:172)
	at scala.meta.internal.mtags.ScalaToplevelMtags$XtensionScanner.mtagsNextToken(ScalaToplevelMtags.scala:72)
	at scala.meta.internal.mtags.ScalaToplevelMtags.emitMember(ScalaToplevelMtags.scala:709)
	at scala.meta.internal.mtags.ScalaToplevelMtags.loop(ScalaToplevelMtags.scala:247)
	at scala.meta.internal.mtags.ScalaToplevelMtags.indexRoot(ScalaToplevelMtags.scala:84)
	at scala.meta.internal.metals.SemanticdbDefinition$.foreachWithReturnMtags(SemanticdbDefinition.scala:81)
	at scala.meta.internal.metals.Indexer.indexSourceFile(Indexer.scala:595)
	at scala.meta.internal.metals.Indexer.$anonfun$reindexWorkspaceSources$3(Indexer.scala:693)
	at scala.meta.internal.metals.Indexer.$anonfun$reindexWorkspaceSources$3$adapted(Indexer.scala:690)
	at scala.collection.IterableOnceOps.foreach(IterableOnce.scala:619)
	at scala.collection.IterableOnceOps.foreach$(IterableOnce.scala:617)
	at scala.collection.AbstractIterator.foreach(Iterator.scala:1303)
	at scala.meta.internal.metals.Indexer.reindexWorkspaceSources(Indexer.scala:690)
	at scala.meta.internal.metals.MetalsLspService.$anonfun$onChange$2(MetalsLspService.scala:952)
	at scala.runtime.java8.JFunction0$mcV$sp.apply(JFunction0$mcV$sp.scala:18)
	at scala.concurrent.Future$.$anonfun$apply$1(Future.scala:687)
	at scala.concurrent.impl.Promise$Transformation.run(Promise.scala:467)
	at java.util.concurrent.ThreadPoolExecutor.runWorker(ThreadPoolExecutor.java:1144)
	at java.util.concurrent.ThreadPoolExecutor$Worker.run(ThreadPoolExecutor.java:642)
	at java.lang.Thread.run(Thread.java:1570)
[0m
2024.09.09 16:27:52 INFO  Deduplicating compilation of negateFunction_f4dd477a3a from bsp client 'scala-cli 1.3.2' (since 44.329s)[0m
2024.09.09 16:27:52 INFO  compiling negatefunction_f4dd477a3a (1 scala source)[0m
2024.09.09 16:27:54 INFO  time: compiled negateFunction_f4dd477a3a in 1.22s[0m
2024.09.09 16:27:54 INFO  compiling negatefunction_f4dd477a3a (1 scala source)[0m
2024.09.09 16:27:55 INFO  time: compiled negateFunction_f4dd477a3a in 0.42s[0m
2024.09.09 16:27:58 WARN  Could not find semantic tokens for: file:///mnt/a66ad743-1601-4348-99ee-1e8f5b440f29/UCSC/SCS%202204%20-%20Functional%20Programming/Practicals%20-%20Viva/22001239_Practical_10/negateFunction/NegateFunction.scala[0m
2024.09.09 16:27:58 INFO  compiling negatefunction_f4dd477a3a (1 scala source)[0m
2024.09.09 16:28:03 INFO  time: compiled negateFunction_f4dd477a3a in 4.65s[0m
2024.09.09 16:28:03 WARN  Could not load snapshot text for /mnt/a66ad743-1601-4348-99ee-1e8f5b440f29/UCSC/SCS 2204 - Functional Programming/Practicals - Viva/22001239_Practical_10/negateFunction/NegateFunction.scala[0m
2024.09.09 16:28:03 INFO  compiling negatefunction_f4dd477a3a (1 scala source)[0m
2024.09.09 16:28:04 INFO  time: compiled negateFunction_f4dd477a3a in 0.64s[0m
2024.09.09 16:30:18 INFO  compiling negatefunction_f4dd477a3a (1 scala source)[0m
2024.09.09 16:30:18 INFO  time: compiled negateFunction_f4dd477a3a in 0.31s[0m
2024.09.09 16:30:26 INFO  compiling negatefunction_f4dd477a3a (1 scala source)[0m
2024.09.09 16:30:26 INFO  time: compiled negateFunction_f4dd477a3a in 0.16s[0m
2024.09.09 16:34:57 INFO  compiling negatefunction_f4dd477a3a (1 scala source)[0m
2024.09.09 16:34:57 INFO  time: compiled negateFunction_f4dd477a3a in 0.31s[0m
2024.09.09 16:35:09 INFO  compiling negatefunction_f4dd477a3a (1 scala source)[0m
2024.09.09 16:35:09 INFO  time: compiled negateFunction_f4dd477a3a in 0.73s[0m
2024.09.09 16:35:11 INFO  compiling negatefunction_f4dd477a3a (1 scala source)[0m
2024.09.09 16:35:11 INFO  time: compiled negateFunction_f4dd477a3a in 0.55s[0m
2024.09.09 16:35:20 INFO  compiling negatefunction_f4dd477a3a (1 scala source)[0m
2024.09.09 16:35:20 INFO  time: compiled negateFunction_f4dd477a3a in 0.47s[0m
Sep 09, 2024 4:35:44 PM org.eclipse.lsp4j.jsonrpc.RemoteEndpoint handleCancellation
WARNING: Unmatched cancel notification for request id 202
Sep 09, 2024 4:35:45 PM org.eclipse.lsp4j.jsonrpc.RemoteEndpoint handleCancellation
WARNING: Unmatched cancel notification for request id 203
2024.09.09 16:36:02 INFO  compiling negatefunction_f4dd477a3a (1 scala source)[0m
2024.09.09 16:36:02 INFO  time: compiled negateFunction_f4dd477a3a in 0.23s[0m
2024.09.09 16:36:10 INFO  compiling negatefunction_f4dd477a3a (1 scala source)[0m
2024.09.09 16:36:10 INFO  time: compiled negateFunction_f4dd477a3a in 0.39s[0m
2024.09.09 16:36:11 INFO  compiling negatefunction_f4dd477a3a (1 scala source)[0m
2024.09.09 16:36:11 INFO  time: compiled negateFunction_f4dd477a3a in 0.37s[0m
2024.09.09 16:36:15 INFO  compiling negatefunction_f4dd477a3a (1 scala source)[0m
2024.09.09 16:36:15 INFO  time: compiled negateFunction_f4dd477a3a in 0.2s[0m
2024.09.09 16:36:17 INFO  compiling negatefunction_f4dd477a3a (1 scala source)[0m
2024.09.09 16:36:17 INFO  time: compiled negateFunction_f4dd477a3a in 0.15s[0m
2024.09.09 16:36:23 INFO  compiling negatefunction_f4dd477a3a (1 scala source)[0m
2024.09.09 16:36:23 INFO  time: compiled negateFunction_f4dd477a3a in 0.14s[0m
2024.09.09 16:36:25 INFO  compiling negatefunction_f4dd477a3a (1 scala source)[0m
2024.09.09 16:36:25 INFO  time: compiled negateFunction_f4dd477a3a in 0.72s[0m
2024.09.09 16:36:26 WARN  Could not load snapshot text for /mnt/a66ad743-1601-4348-99ee-1e8f5b440f29/UCSC/SCS 2204 - Functional Programming/Practicals - Viva/22001239_Practical_10/negateFunction/NegateFunction.scala[0m
2024.09.09 16:36:26 INFO  compiling negatefunction_f4dd477a3a (1 scala source)[0m
2024.09.09 16:36:26 INFO  time: compiled negateFunction_f4dd477a3a in 0.49s[0m
2024.09.09 16:36:47 INFO  compiling negatefunction_f4dd477a3a (1 scala source)[0m
2024.09.09 16:36:47 INFO  time: compiled negateFunction_f4dd477a3a in 0.25s[0m
2024.09.09 16:36:47 INFO  compiling negatefunction_f4dd477a3a (1 scala source)[0m
2024.09.09 16:36:47 INFO  time: compiled negateFunction_f4dd477a3a in 0.13s[0m
2024.09.09 16:36:49 INFO  compiling negatefunction_f4dd477a3a (1 scala source)[0m
2024.09.09 16:36:51 INFO  time: compiled negateFunction_f4dd477a3a in 1.95s[0m
2024.09.09 16:36:51 INFO  compiling negatefunction_f4dd477a3a (1 scala source)[0m
2024.09.09 16:36:53 INFO  time: compiled negateFunction_f4dd477a3a in 1.25s[0m
2024.09.09 16:36:53 INFO  compiling negatefunction_f4dd477a3a (1 scala source)[0m
2024.09.09 16:36:54 INFO  time: compiled negateFunction_f4dd477a3a in 0.87s[0m
2024.09.09 17:37:41 INFO  compiling negatefunction_f4dd477a3a (1 scala source)[0m
2024.09.09 17:37:41 INFO  time: compiled negateFunction_f4dd477a3a in 0.53s[0m
2024.09.09 17:37:43 INFO  compiling negatefunction_f4dd477a3a (1 scala source)[0m
2024.09.09 17:37:43 INFO  time: compiled negateFunction_f4dd477a3a in 0.28s[0m
2024.09.09 17:37:45 INFO  compiling negatefunction_f4dd477a3a (1 scala source)[0m
2024.09.09 17:37:45 INFO  time: compiled negateFunction_f4dd477a3a in 0.41s[0m
2024.09.09 17:37:48 INFO  compiling negatefunction_f4dd477a3a (1 scala source)[0m
2024.09.09 17:37:48 INFO  time: compiled negateFunction_f4dd477a3a in 0.37s[0m
2024.09.09 17:37:54 WARN  Could not find semantic tokens for: file:///mnt/a66ad743-1601-4348-99ee-1e8f5b440f29/UCSC/SCS%202204%20-%20Functional%20Programming/Practicals%20-%20Viva/22001239_Practical_10/negateFunction/NegateFunction.scala[0m
2024.09.09 17:37:55 WARN  Could not find semantic tokens for: file:///mnt/a66ad743-1601-4348-99ee-1e8f5b440f29/UCSC/SCS%202204%20-%20Functional%20Programming/Practicals%20-%20Viva/22001239_Practical_10/negateFunction/NegateFunction.scala[0m
2024.09.09 17:37:56 INFO  compiling negatefunction_f4dd477a3a (1 scala source)[0m
2024.09.09 17:37:56 INFO  time: compiled negateFunction_f4dd477a3a in 0.28s[0m
2024.09.09 17:37:59 INFO  compiling negatefunction_f4dd477a3a (1 scala source)[0m
2024.09.09 17:37:59 INFO  time: compiled negateFunction_f4dd477a3a in 0.27s[0m
2024.09.09 17:38:04 INFO  compiling negatefunction_f4dd477a3a (1 scala source)[0m
2024.09.09 17:38:04 INFO  time: compiled negateFunction_f4dd477a3a in 0.28s[0m
2024.09.09 17:38:11 INFO  compiling negatefunction_f4dd477a3a (1 scala source)[0m
2024.09.09 17:38:11 INFO  time: compiled negateFunction_f4dd477a3a in 0.1s[0m
2024.09.09 17:38:15 INFO  compiling negatefunction_f4dd477a3a (1 scala source)[0m
2024.09.09 17:38:15 INFO  time: compiled negateFunction_f4dd477a3a in 0.14s[0m
2024.09.09 17:38:19 INFO  compiling negatefunction_f4dd477a3a (1 scala source)[0m
2024.09.09 17:38:19 INFO  time: compiled negateFunction_f4dd477a3a in 0.42s[0m
2024.09.09 17:43:40 INFO  compiling negatefunction_f4dd477a3a (1 scala source)[0m
2024.09.09 17:43:40 INFO  time: compiled negateFunction_f4dd477a3a in 0.44s[0m
2024.09.09 17:43:47 INFO  compiling negatefunction_f4dd477a3a (1 scala source)[0m
2024.09.09 17:43:47 INFO  time: compiled negateFunction_f4dd477a3a in 0.17s[0m
2024.09.09 17:43:49 INFO  compiling negatefunction_f4dd477a3a (1 scala source)[0m
2024.09.09 17:43:49 INFO  time: compiled negateFunction_f4dd477a3a in 0.13s[0m
2024.09.09 17:43:52 INFO  compiling negatefunction_f4dd477a3a (1 scala source)[0m
2024.09.09 17:43:52 INFO  time: compiled negateFunction_f4dd477a3a in 0.18s[0m
2024.09.09 17:43:54 INFO  compiling negatefunction_f4dd477a3a (1 scala source)[0m
2024.09.09 17:43:55 INFO  time: compiled negateFunction_f4dd477a3a in 1s[0m
2024.09.09 17:43:58 INFO  compiling negatefunction_f4dd477a3a (1 scala source)[0m
2024.09.09 17:43:58 INFO  time: compiled negateFunction_f4dd477a3a in 0.74s[0m
2024.09.09 17:44:02 INFO  compiling negatefunction_f4dd477a3a (1 scala source)[0m
2024.09.09 17:44:02 INFO  time: compiled negateFunction_f4dd477a3a in 0.13s[0m
2024.09.09 17:44:14 INFO  compiling negatefunction_f4dd477a3a (1 scala source)[0m
2024.09.09 17:44:14 INFO  time: compiled negateFunction_f4dd477a3a in 0.53s[0m
2024.09.09 17:44:17 INFO  compiling negatefunction_f4dd477a3a (1 scala source)[0m
2024.09.09 17:44:17 INFO  time: compiled negateFunction_f4dd477a3a in 0.34s[0m
2024.09.09 17:44:31 INFO  compiling negatefunction_f4dd477a3a (1 scala source)[0m
2024.09.09 17:44:31 INFO  time: compiled negateFunction_f4dd477a3a in 0.38s[0m
Sep 09, 2024 5:44:32 PM org.eclipse.lsp4j.jsonrpc.RemoteEndpoint handleCancellation
WARNING: Unmatched cancel notification for request id 999
2024.09.09 17:44:35 INFO  compiling negatefunction_f4dd477a3a (1 scala source)[0m
2024.09.09 17:44:35 INFO  time: compiled negateFunction_f4dd477a3a in 0.4s[0m
2024.09.09 17:44:38 INFO  compiling negatefunction_f4dd477a3a (1 scala source)[0m
2024.09.09 17:44:38 INFO  time: compiled negateFunction_f4dd477a3a in 0.39s[0m
2024.09.09 17:44:42 INFO  compiling negatefunction_f4dd477a3a (1 scala source)[0m
2024.09.09 17:44:42 INFO  time: compiled negateFunction_f4dd477a3a in 0.39s[0m
2024.09.09 17:44:47 INFO  compiling negatefunction_f4dd477a3a (1 scala source)[0m
2024.09.09 17:44:47 INFO  time: compiled negateFunction_f4dd477a3a in 0.33s[0m
2024.09.09 17:45:01 INFO  compiling negatefunction_f4dd477a3a (1 scala source)[0m
2024.09.09 17:45:01 INFO  time: compiled negateFunction_f4dd477a3a in 0.13s[0m
2024.09.09 17:45:03 INFO  compiling negatefunction_f4dd477a3a (1 scala source)[0m
2024.09.09 17:45:03 INFO  time: compiled negateFunction_f4dd477a3a in 0.17s[0m
2024.09.09 17:45:07 INFO  compiling negatefunction_f4dd477a3a (1 scala source)[0m
2024.09.09 17:45:07 INFO  time: compiled negateFunction_f4dd477a3a in 0.1s[0m
2024.09.09 17:45:42 INFO  compiling negatefunction_f4dd477a3a (1 scala source)[0m
2024.09.09 17:45:42 INFO  time: compiled negateFunction_f4dd477a3a in 0.12s[0m
2024.09.09 17:45:52 INFO  compiling negatefunction_f4dd477a3a (1 scala source)[0m
2024.09.09 17:45:52 INFO  time: compiled negateFunction_f4dd477a3a in 0.19s[0m
2024.09.09 17:45:55 INFO  compiling negatefunction_f4dd477a3a (1 scala source)[0m
2024.09.09 17:45:55 INFO  time: compiled negateFunction_f4dd477a3a in 0.22s[0m
2024.09.09 17:45:58 INFO  compiling negatefunction_f4dd477a3a (1 scala source)[0m
2024.09.09 17:45:58 INFO  time: compiled negateFunction_f4dd477a3a in 0.12s[0m
2024.09.09 17:46:08 INFO  compiling negatefunction_f4dd477a3a (1 scala source)[0m
2024.09.09 17:46:08 INFO  time: compiled negateFunction_f4dd477a3a in 0.23s[0m
2024.09.09 17:46:14 INFO  compiling negatefunction_f4dd477a3a (1 scala source)[0m
2024.09.09 17:46:14 INFO  time: compiled negateFunction_f4dd477a3a in 0.17s[0m
2024.09.09 17:46:19 INFO  compiling negatefunction_f4dd477a3a (1 scala source)[0m
2024.09.09 17:46:19 INFO  time: compiled negateFunction_f4dd477a3a in 0.16s[0m
2024.09.09 17:46:20 INFO  compiling negatefunction_f4dd477a3a (1 scala source)[0m
2024.09.09 17:46:20 INFO  time: compiled negateFunction_f4dd477a3a in 0.23s[0m
2024.09.09 17:46:33 INFO  compiling negatefunction_f4dd477a3a (1 scala source)[0m
2024.09.09 17:46:33 INFO  time: compiled negateFunction_f4dd477a3a in 0.14s[0m
Sep 09, 2024 5:46:37 PM org.eclipse.lsp4j.jsonrpc.RemoteEndpoint handleCancellation
WARNING: Unmatched cancel notification for request id 1454
Sep 09, 2024 5:46:40 PM org.eclipse.lsp4j.jsonrpc.RemoteEndpoint handleCancellation
WARNING: Unmatched cancel notification for request id 1491
2024.09.09 17:46:56 INFO  compiling negatefunction_f4dd477a3a (1 scala source)[0m
2024.09.09 17:46:56 INFO  time: compiled negateFunction_f4dd477a3a in 0.2s[0m
2024.09.09 17:47:30 INFO  compiling negatefunction_f4dd477a3a (1 scala source)[0m
2024.09.09 17:47:30 INFO  time: compiled negateFunction_f4dd477a3a in 0.23s[0m
2024.09.09 17:47:36 INFO  compiling negatefunction_f4dd477a3a (1 scala source)[0m
2024.09.09 17:47:36 INFO  time: compiled negateFunction_f4dd477a3a in 0.15s[0m
2024.09.09 17:47:38 INFO  compiling negatefunction_f4dd477a3a (1 scala source)[0m
2024.09.09 17:47:38 INFO  time: compiled negateFunction_f4dd477a3a in 0.27s[0m
2024.09.09 17:47:47 INFO  compiling negatefunction_f4dd477a3a (1 scala source)[0m
2024.09.09 17:47:47 INFO  time: compiled negateFunction_f4dd477a3a in 0.2s[0m
2024.09.09 17:47:51 INFO  compiling negatefunction_f4dd477a3a (1 scala source)[0m
2024.09.09 17:47:51 INFO  time: compiled negateFunction_f4dd477a3a in 0.18s[0m
2024.09.09 17:48:00 INFO  compiling negatefunction_f4dd477a3a (1 scala source)[0m
2024.09.09 17:48:00 INFO  time: compiled negateFunction_f4dd477a3a in 0.23s[0m
2024.09.09 17:48:01 INFO  compiling negatefunction_f4dd477a3a (1 scala source)[0m
2024.09.09 17:48:01 INFO  time: compiled negateFunction_f4dd477a3a in 0.12s[0m
2024.09.09 17:48:07 INFO  compiling negatefunction_f4dd477a3a (1 scala source)[0m
2024.09.09 17:48:07 INFO  time: compiled negateFunction_f4dd477a3a in 0.14s[0m
2024.09.09 17:48:13 INFO  compiling negatefunction_f4dd477a3a (1 scala source)[0m
2024.09.09 17:48:13 INFO  time: compiled negateFunction_f4dd477a3a in 0.16s[0m
2024.09.09 17:48:17 INFO  compiling negatefunction_f4dd477a3a (1 scala source)[0m
2024.09.09 17:48:17 INFO  time: compiled negateFunction_f4dd477a3a in 0.14s[0m
2024.09.09 17:48:21 INFO  compiling negatefunction_f4dd477a3a (1 scala source)[0m
2024.09.09 17:48:21 INFO  time: compiled negateFunction_f4dd477a3a in 0.18s[0m
2024.09.09 17:48:31 INFO  compiling negatefunction_f4dd477a3a (1 scala source)[0m
2024.09.09 17:48:31 INFO  time: compiled negateFunction_f4dd477a3a in 0.17s[0m
2024.09.09 17:48:37 INFO  compiling negatefunction_f4dd477a3a (1 scala source)[0m
2024.09.09 17:48:37 INFO  time: compiled negateFunction_f4dd477a3a in 0.15s[0m
2024.09.09 17:48:40 INFO  compiling negatefunction_f4dd477a3a (1 scala source)[0m
2024.09.09 17:48:40 INFO  time: compiled negateFunction_f4dd477a3a in 0.17s[0m
2024.09.09 17:48:42 INFO  compiling negatefunction_f4dd477a3a (1 scala source)[0m
2024.09.09 17:48:42 INFO  time: compiled negateFunction_f4dd477a3a in 0.17s[0m
2024.09.09 17:48:43 INFO  compiling negatefunction_f4dd477a3a (1 scala source)[0m
2024.09.09 17:48:43 INFO  time: compiled negateFunction_f4dd477a3a in 0.16s[0m
2024.09.09 17:49:15 INFO  compiling negatefunction_f4dd477a3a (1 scala source)[0m
2024.09.09 17:49:15 INFO  time: compiled negateFunction_f4dd477a3a in 0.13s[0m
2024.09.09 17:49:28 INFO  compiling negatefunction_f4dd477a3a (1 scala source)[0m
2024.09.09 17:49:28 INFO  time: compiled negateFunction_f4dd477a3a in 0.15s[0m
2024.09.09 17:49:31 INFO  compiling negatefunction_f4dd477a3a (1 scala source)[0m
2024.09.09 17:49:31 INFO  time: compiled negateFunction_f4dd477a3a in 0.21s[0m
2024.09.09 17:49:32 INFO  compiling negatefunction_f4dd477a3a (1 scala source)[0m
2024.09.09 17:49:32 INFO  time: compiled negateFunction_f4dd477a3a in 0.15s[0m
2024.09.09 17:49:41 INFO  compiling negatefunction_f4dd477a3a (1 scala source)[0m
2024.09.09 17:49:41 INFO  time: compiled negateFunction_f4dd477a3a in 0.23s[0m
Sep 09, 2024 5:49:44 PM org.eclipse.lsp4j.jsonrpc.RemoteEndpoint handleCancellation
WARNING: Unmatched cancel notification for request id 2125
2024.09.09 17:49:49 INFO  compiling negatefunction_f4dd477a3a (1 scala source)[0m
2024.09.09 17:49:49 INFO  time: compiled negateFunction_f4dd477a3a in 0.17s[0m
2024.09.09 17:49:59 INFO  compiling negatefunction_f4dd477a3a (1 scala source)[0m
2024.09.09 17:49:59 INFO  time: compiled negateFunction_f4dd477a3a in 0.14s[0m
2024.09.09 17:50:04 INFO  compiling negatefunction_f4dd477a3a (1 scala source)[0m
2024.09.09 17:50:04 INFO  time: compiled negateFunction_f4dd477a3a in 0.13s[0m
2024.09.09 17:50:11 INFO  compiling negatefunction_f4dd477a3a (1 scala source)[0m
2024.09.09 17:50:11 INFO  time: compiled negateFunction_f4dd477a3a in 0.15s[0m
2024.09.09 17:50:13 INFO  compiling negatefunction_f4dd477a3a (1 scala source)[0m
2024.09.09 17:50:13 INFO  time: compiled negateFunction_f4dd477a3a in 0.13s[0m
2024.09.09 17:50:13 INFO  compiling negatefunction_f4dd477a3a (1 scala source)[0m
2024.09.09 17:50:14 INFO  time: compiled negateFunction_f4dd477a3a in 0.17s[0m
2024.09.09 17:50:21 INFO  compiling negatefunction_f4dd477a3a (1 scala source)[0m
2024.09.09 17:50:21 INFO  time: compiled negateFunction_f4dd477a3a in 0.24s[0m
2024.09.09 17:50:26 INFO  compiling negatefunction_f4dd477a3a (1 scala source)[0m
2024.09.09 17:50:26 INFO  time: compiled negateFunction_f4dd477a3a in 0.17s[0m
2024.09.09 17:50:27 INFO  compiling negatefunction_f4dd477a3a (1 scala source)[0m
2024.09.09 17:50:27 INFO  time: compiled negateFunction_f4dd477a3a in 0.15s[0m
2024.09.09 17:50:37 INFO  compiling negatefunction_f4dd477a3a (1 scala source)[0m
2024.09.09 17:50:37 INFO  time: compiled negateFunction_f4dd477a3a in 0.2s[0m
2024.09.09 17:50:43 INFO  compiling negatefunction_f4dd477a3a (1 scala source)[0m
2024.09.09 17:50:43 INFO  time: compiled negateFunction_f4dd477a3a in 0.15s[0m
2024.09.09 17:50:47 INFO  compiling negatefunction_f4dd477a3a (1 scala source)[0m
2024.09.09 17:50:47 INFO  time: compiled negateFunction_f4dd477a3a in 0.14s[0m
2024.09.09 17:50:58 INFO  compiling negatefunction_f4dd477a3a (1 scala source)[0m
2024.09.09 17:50:58 INFO  time: compiled negateFunction_f4dd477a3a in 0.14s[0m
2024.09.09 17:51:10 INFO  compiling negatefunction_f4dd477a3a (1 scala source)[0m
2024.09.09 17:51:10 INFO  time: compiled negateFunction_f4dd477a3a in 0.17s[0m
2024.09.09 17:51:15 INFO  compiling negatefunction_f4dd477a3a (1 scala source)[0m
2024.09.09 17:51:15 INFO  time: compiled negateFunction_f4dd477a3a in 0.18s[0m
2024.09.09 17:51:17 INFO  compiling negatefunction_f4dd477a3a (1 scala source)[0m
2024.09.09 17:51:17 INFO  time: compiled negateFunction_f4dd477a3a in 0.19s[0m
2024.09.09 17:51:28 INFO  compiling negatefunction_f4dd477a3a (1 scala source)[0m
2024.09.09 17:51:28 INFO  time: compiled negateFunction_f4dd477a3a in 0.2s[0m
2024.09.09 17:51:31 INFO  compiling negatefunction_f4dd477a3a (1 scala source)[0m
2024.09.09 17:51:31 INFO  time: compiled negateFunction_f4dd477a3a in 0.22s[0m
2024.09.09 17:51:32 INFO  compiling negatefunction_f4dd477a3a (1 scala source)[0m
2024.09.09 17:51:32 INFO  time: compiled negateFunction_f4dd477a3a in 0.22s[0m
2024.09.09 17:52:06 INFO  compiling negatefunction_f4dd477a3a (1 scala source)[0m
2024.09.09 17:52:06 INFO  time: compiled negateFunction_f4dd477a3a in 0.16s[0m
2024.09.09 17:52:08 INFO  compiling negatefunction_f4dd477a3a (1 scala source)[0m
2024.09.09 17:52:08 INFO  time: compiled negateFunction_f4dd477a3a in 0.15s[0m
2024.09.09 17:52:10 INFO  compiling negatefunction_f4dd477a3a (1 scala source)[0m
2024.09.09 17:52:10 INFO  time: compiled negateFunction_f4dd477a3a in 0.16s[0m
2024.09.09 17:52:13 INFO  compiling negatefunction_f4dd477a3a (1 scala source)[0m
2024.09.09 17:52:13 INFO  time: compiled negateFunction_f4dd477a3a in 0.61s[0m
2024.09.09 17:52:22 INFO  compiling negatefunction_f4dd477a3a (1 scala source)[0m
2024.09.09 17:52:22 INFO  time: compiled negateFunction_f4dd477a3a in 0.16s[0m
2024.09.09 17:52:24 INFO  compiling negatefunction_f4dd477a3a (1 scala source)[0m
2024.09.09 17:52:24 INFO  time: compiled negateFunction_f4dd477a3a in 0.14s[0m
2024.09.09 17:52:26 INFO  compiling negatefunction_f4dd477a3a (1 scala source)[0m
2024.09.09 17:52:26 INFO  time: compiled negateFunction_f4dd477a3a in 0.19s[0m
2024.09.09 17:52:36 INFO  compiling negatefunction_f4dd477a3a (1 scala source)[0m
2024.09.09 17:52:36 INFO  time: compiled negateFunction_f4dd477a3a in 0.15s[0m
2024.09.09 17:52:40 INFO  compiling negatefunction_f4dd477a3a (1 scala source)[0m
2024.09.09 17:52:40 INFO  time: compiled negateFunction_f4dd477a3a in 0.17s[0m
2024.09.09 17:52:43 INFO  compiling negatefunction_f4dd477a3a (1 scala source)[0m
2024.09.09 17:52:43 INFO  time: compiled negateFunction_f4dd477a3a in 0.12s[0m
2024.09.09 17:52:45 INFO  compiling negatefunction_f4dd477a3a (1 scala source)[0m
2024.09.09 17:52:45 INFO  time: compiled negateFunction_f4dd477a3a in 0.21s[0m
2024.09.09 17:53:24 INFO  compiling negatefunction_f4dd477a3a (1 scala source)[0m
2024.09.09 17:53:24 INFO  time: compiled negateFunction_f4dd477a3a in 0.22s[0m
2024.09.09 17:53:30 INFO  compiling negatefunction_f4dd477a3a (1 scala source)[0m
2024.09.09 17:53:30 INFO  time: compiled negateFunction_f4dd477a3a in 0.17s[0m
2024.09.09 17:53:32 INFO  compiling negatefunction_f4dd477a3a (1 scala source)[0m
2024.09.09 17:53:32 INFO  time: compiled negateFunction_f4dd477a3a in 0.16s[0m
2024.09.09 17:53:46 INFO  compiling negatefunction_f4dd477a3a (1 scala source)[0m
2024.09.09 17:53:46 INFO  time: compiled negateFunction_f4dd477a3a in 0.18s[0m
2024.09.09 17:53:50 INFO  compiling negatefunction_f4dd477a3a (1 scala source)[0m
2024.09.09 17:53:50 INFO  time: compiled negateFunction_f4dd477a3a in 0.21s[0m
2024.09.09 17:53:53 INFO  compiling negatefunction_f4dd477a3a (1 scala source)[0m
2024.09.09 17:53:53 INFO  time: compiled negateFunction_f4dd477a3a in 0.21s[0m
2024.09.09 17:53:58 INFO  compiling negatefunction_f4dd477a3a (1 scala source)[0m
2024.09.09 17:53:58 INFO  time: compiled negateFunction_f4dd477a3a in 0.16s[0m
2024.09.09 17:54:07 INFO  compiling negatefunction_f4dd477a3a (1 scala source)[0m
2024.09.09 17:54:07 INFO  time: compiled negateFunction_f4dd477a3a in 0.16s[0m
2024.09.09 17:54:11 INFO  compiling negatefunction_f4dd477a3a (1 scala source)[0m
2024.09.09 17:54:11 INFO  time: compiled negateFunction_f4dd477a3a in 0.13s[0m
2024.09.09 17:54:14 INFO  compiling negatefunction_f4dd477a3a (1 scala source)[0m
2024.09.09 17:54:14 INFO  time: compiled negateFunction_f4dd477a3a in 0.14s[0m
2024.09.09 17:54:16 INFO  compiling negatefunction_f4dd477a3a (1 scala source)[0m
2024.09.09 17:54:16 INFO  time: compiled negateFunction_f4dd477a3a in 0.16s[0m
2024.09.09 17:54:25 INFO  compiling negatefunction_f4dd477a3a (1 scala source)[0m
2024.09.09 17:54:25 INFO  time: compiled negateFunction_f4dd477a3a in 0.19s[0m
2024.09.09 17:54:29 INFO  compiling negatefunction_f4dd477a3a (1 scala source)[0m
2024.09.09 17:54:29 INFO  time: compiled negateFunction_f4dd477a3a in 0.18s[0m
2024.09.09 17:54:31 INFO  compiling negatefunction_f4dd477a3a (1 scala source)[0m
2024.09.09 17:54:31 INFO  time: compiled negateFunction_f4dd477a3a in 0.15s[0m
2024.09.09 17:54:35 INFO  compiling negatefunction_f4dd477a3a (1 scala source)[0m
2024.09.09 17:54:35 INFO  time: compiled negateFunction_f4dd477a3a in 0.17s[0m
2024.09.09 17:54:41 INFO  compiling negatefunction_f4dd477a3a (1 scala source)[0m
2024.09.09 17:54:41 INFO  time: compiled negateFunction_f4dd477a3a in 0.18s[0m
Sep 09, 2024 5:55:02 PM org.eclipse.lsp4j.jsonrpc.RemoteEndpoint handleCancellation
WARNING: Unmatched cancel notification for request id 3269
2024.09.09 17:55:04 INFO  compiling negatefunction_f4dd477a3a (1 scala source)[0m
2024.09.09 17:55:04 INFO  time: compiled negateFunction_f4dd477a3a in 0.15s[0m
2024.09.09 17:55:09 INFO  compiling negatefunction_f4dd477a3a (1 scala source)[0m
2024.09.09 17:55:09 INFO  time: compiled negateFunction_f4dd477a3a in 0.2s[0m
2024.09.09 17:55:41 INFO  compiling negatefunction_f4dd477a3a (1 scala source)[0m
2024.09.09 17:55:41 INFO  time: compiled negateFunction_f4dd477a3a in 0.17s[0m
2024.09.09 17:55:56 INFO  compiling negatefunction_f4dd477a3a (1 scala source)[0m
2024.09.09 17:55:56 INFO  time: compiled negateFunction_f4dd477a3a in 0.14s[0m
2024.09.09 17:56:00 INFO  compiling negatefunction_f4dd477a3a (1 scala source)[0m
2024.09.09 17:56:00 INFO  time: compiled negateFunction_f4dd477a3a in 0.49s[0m
Sep 09, 2024 5:56:03 PM org.eclipse.lsp4j.jsonrpc.services.GenericEndpoint notify
INFO: Unsupported notification method: $/setTrace
2024.09.09 17:56:58 INFO  Shutting down server[0m
2024.09.09 17:56:58 INFO  shutting down Metals[0m
2024.09.09 17:56:58 INFO  Shut down connection with build server.[0m
2024.09.09 17:56:58 INFO  Exiting server[0m
2024.09.09 17:57:20 INFO  Started: Metals version 1.3.5 in folders '/mnt/a66ad743-1601-4348-99ee-1e8f5b440f29/UCSC/SCS 2204 - Functional Programming/Practicals - Viva/22001239_Practical_10/negateFunction' for client Visual Studio Code 1.93.0.
SLF4J(W): Class path contains multiple SLF4J providers.
SLF4J(W): Found provider [scribe.slf4j.ScribeServiceProvider@2079f228]
SLF4J(W): Found provider [ch.qos.logback.classic.spi.LogbackServiceProvider@20ac0d38]
SLF4J(W): See https://www.slf4j.org/codes.html#multiple_bindings for an explanation.
SLF4J(I): Actual provider is of type [scribe.slf4j.ScribeServiceProvider@2079f228]
2024.09.09 17:57:21 WARN  Flyway upgrade recommended: H2 2.3.230 is newer than this version of Flyway and support has not been tested. The latest supported version of H2 is 2.2.220.
2024.09.09 17:57:21 INFO  Attempting to connect to the build server...
2024.09.09 17:57:21 INFO  Running BSP server List(/home/kasun_mendis/.local/share/coursier/bin/.scala-cli.aux, bsp, --json-options, /mnt/a66ad743-1601-4348-99ee-1e8f5b440f29/UCSC/SCS 2204 - Functional Programming/Practicals - Viva/22001239_Practical_10/negateFunction/.scala-build/ide-options-v2.json, --json-launcher-options, /mnt/a66ad743-1601-4348-99ee-1e8f5b440f29/UCSC/SCS 2204 - Functional Programming/Practicals - Viva/22001239_Practical_10/negateFunction/.scala-build/ide-launcher-options.json, --envs-file, /mnt/a66ad743-1601-4348-99ee-1e8f5b440f29/UCSC/SCS 2204 - Functional Programming/Practicals - Viva/22001239_Practical_10/negateFunction/.scala-build/ide-envs.json, /mnt/a66ad743-1601-4348-99ee-1e8f5b440f29/UCSC/SCS 2204 - Functional Programming/Practicals - Viva/22001239_Practical_10/negateFunction)
2024.09.09 17:57:21 INFO  tracing is disabled for protocol BSP, to enable tracing of incoming and outgoing JSON messages create an empty file at /mnt/a66ad743-1601-4348-99ee-1e8f5b440f29/UCSC/SCS 2204 - Functional Programming/Practicals - Viva/22001239_Practical_10/negateFunction/.metals/bsp.trace.json or /home/kasun_mendis/.cache/metals/bsp.trace.json
2024.09.09 17:57:22 INFO  no build target found for /mnt/a66ad743-1601-4348-99ee-1e8f5b440f29/UCSC/SCS 2204 - Functional Programming/Practicals - Viva/22001239_Practical_10/negateFunction/NegateFunction.scala. Using presentation compiler with project's scala-library version: 3.3.3
2024.09.09 17:57:23 INFO  time: Connected to build server in 1.48s
2024.09.09 17:57:23 INFO  Connected to Build server: scala-cli v1.3.2
2024.09.09 17:57:23 INFO  time: Imported build in 0.15s
2024.09.09 17:57:25 INFO  running doctor check
2024.09.09 17:57:25 INFO  java targets: negateFunction_f4dd477a3a-test, negateFunction_f4dd477a3a
2024.09.09 17:57:28 WARN  Flyway upgrade recommended: H2 2.3.230 is newer than this version of Flyway and support has not been tested. The latest supported version of H2 is 2.2.220.
2024.09.09 17:57:28 INFO  time: indexed workspace in 4.64s
2024.09.09 18:09:57 INFO  Shutting down server
2024.09.09 18:09:57 INFO  shutting down Metals
2024.09.09 18:09:57 INFO  Shut down connection with build server.
2024.09.09 18:09:57 INFO  Exiting server
