SLF4J(W): Class path contains multiple SLF4J providers.
SLF4J(W): Found provider [scribe.slf4j.ScribeServiceProvider@315c295a]
SLF4J(W): Found provider [ch.qos.logback.classic.spi.LogbackServiceProvider@5ba258c5]
SLF4J(W): See https://www.slf4j.org/codes.html#multiple_bindings for an explanation.
SLF4J(I): Actual provider is of type [scribe.slf4j.ScribeServiceProvider@315c295a]
2024.09.09 18:10:34 WARN  Flyway upgrade recommended: H2 2.3.230 is newer than this version of Flyway and support has not been tested. The latest supported version of H2 is 2.2.220.[0m
2024.09.09 18:10:36 INFO  no build target found for /mnt/a66ad743-1601-4348-99ee-1e8f5b440f29/UCSC/SCS 2204 - Functional Programming/Practicals - Viva/22001239_Practical_10/negateFunction/NegateFunction.scala. Using presentation compiler with project's scala-library version: 3.3.3[0m
2024.09.09 18:10:37 INFO  Running List(/home/kasun_mendis/.local/share/coursier/bin/scala-cli, setup-ide, /mnt/a66ad743-1601-4348-99ee-1e8f5b440f29/UCSC/SCS 2204 - Functional Programming/Practicals - Viva/22001239_Practical_10)[0m
2024.09.09 18:10:37 INFO  Attempting to connect to the build server...[0m
2024.09.09 18:10:37 INFO  Running BSP server List(/home/kasun_mendis/.local/share/coursier/bin/.scala-cli.aux, bsp, --json-options, /mnt/a66ad743-1601-4348-99ee-1e8f5b440f29/UCSC/SCS 2204 - Functional Programming/Practicals - Viva/22001239_Practical_10/.scala-build/ide-options-v2.json, --json-launcher-options, /mnt/a66ad743-1601-4348-99ee-1e8f5b440f29/UCSC/SCS 2204 - Functional Programming/Practicals - Viva/22001239_Practical_10/.scala-build/ide-launcher-options.json, --envs-file, /mnt/a66ad743-1601-4348-99ee-1e8f5b440f29/UCSC/SCS 2204 - Functional Programming/Practicals - Viva/22001239_Practical_10/.scala-build/ide-envs.json, /mnt/a66ad743-1601-4348-99ee-1e8f5b440f29/UCSC/SCS 2204 - Functional Programming/Practicals - Viva/22001239_Practical_10)[0m
2024.09.09 18:10:38 INFO  tracing is disabled for protocol BSP, to enable tracing of incoming and outgoing JSON messages create an empty file at /mnt/a66ad743-1601-4348-99ee-1e8f5b440f29/UCSC/SCS 2204 - Functional Programming/Practicals - Viva/22001239_Practical_10/.metals/bsp.trace.json or /home/kasun_mendis/.cache/metals/bsp.trace.json[0m
2024.09.09 18:10:39 INFO  time: Connected to build server in 1.39s[0m
2024.09.09 18:10:39 INFO  Connected to Build server: scala-cli v1.3.2[0m
2024.09.09 18:10:40 INFO  time: Imported build in 0.22s[0m
2024.09.09 18:10:40 INFO  running doctor check[0m
2024.09.09 18:10:40 INFO  java targets: 22001239_Practical_10_f4dd477a3a, 22001239_Practical_10_f4dd477a3a-test[0m
2024.09.09 18:10:40 INFO  compiling 22001239_practical_10_f4dd477a3a (1 scala source)[0m
2024.09.09 18:10:40 INFO  time: compiled 22001239_Practical_10_f4dd477a3a in 0.88s[0m
2024.09.09 18:10:45 WARN  Flyway upgrade recommended: H2 2.3.230 is newer than this version of Flyway and support has not been tested. The latest supported version of H2 is 2.2.220.[0m
2024.09.09 18:10:49 INFO  time: indexed workspace in 9.87s[0m
2024.09.09 18:11:15 INFO  no build target found for /mnt/a66ad743-1601-4348-99ee-1e8f5b440f29/UCSC/SCS 2204 - Functional Programming/Practicals - Viva/22001239_Practical_10/substractFunction/SubstractFunction.scala. Using presentation compiler with project's scala-library version: 3.3.3[0m
2024.09.09 18:11:16 INFO  compiling 22001239_practical_10_f4dd477a3a (1 scala source)[0m
2024.09.09 18:11:16 INFO  running doctor check[0m
2024.09.09 18:11:16 INFO  java targets: 22001239_Practical_10_f4dd477a3a, 22001239_Practical_10_f4dd477a3a-test[0m
2024.09.09 18:11:18 INFO  compiling 22001239_practical_10_f4dd477a3a (1 scala source)[0m
2024.09.09 18:11:18 INFO  time: compiled 22001239_Practical_10_f4dd477a3a in 0.31s[0m
2024.09.09 18:11:19 INFO  time: indexed workspace in 3.28s[0m
2024.09.09 18:11:19 INFO  compiling 22001239_practical_10_f4dd477a3a (1 scala source)[0m
2024.09.09 18:11:19 INFO  time: compiled 22001239_Practical_10_f4dd477a3a in 0.12s[0m
2024.09.09 18:11:19 INFO  file:///mnt/a66ad743-1601-4348-99ee-1e8f5b440f29/UCSC/SCS%202204%20-%20Functional%20Programming/Practicals%20-%20Viva/22001239_Practical_10/substractFunction/SubstractFunction.scala:2:48: stale bloop error: '}' expected, but eof found
  require(d != 0, "Denominator cannot be zero")
                                               ^[0m
2024.09.09 18:11:19 INFO  file:///mnt/a66ad743-1601-4348-99ee-1e8f5b440f29/UCSC/SCS%202204%20-%20Functional%20Programming/Practicals%20-%20Viva/22001239_Practical_10/substractFunction/SubstractFunction.scala:2:48: stale bloop error: '}' expected, but eof found
  require(d != 0, "Denominator cannot be zero")
                                               ^[0m
2024.09.09 18:11:20 WARN  Could not find semantic tokens for: file:///mnt/a66ad743-1601-4348-99ee-1e8f5b440f29/UCSC/SCS%202204%20-%20Functional%20Programming/Practicals%20-%20Viva/22001239_Practical_10/substractFunction/SubstractFunction.scala[0m
2024.09.09 18:11:20 WARN  Could not find semantic tokens for: file:///mnt/a66ad743-1601-4348-99ee-1e8f5b440f29/UCSC/SCS%202204%20-%20Functional%20Programming/Practicals%20-%20Viva/22001239_Practical_10/substractFunction/SubstractFunction.scala[0m
2024.09.09 18:11:21 WARN  Could not find semantic tokens for: file:///mnt/a66ad743-1601-4348-99ee-1e8f5b440f29/UCSC/SCS%202204%20-%20Functional%20Programming/Practicals%20-%20Viva/22001239_Practical_10/substractFunction/SubstractFunction.scala[0m
2024.09.09 18:11:24 INFO  compiling 22001239_practical_10_f4dd477a3a (1 scala source)[0m
2024.09.09 18:11:24 INFO  time: compiled 22001239_Practical_10_f4dd477a3a in 0.17s[0m
2024.09.09 18:11:25 INFO  compiling 22001239_practical_10_f4dd477a3a (1 scala source)[0m
2024.09.09 18:11:25 INFO  time: compiled 22001239_Practical_10_f4dd477a3a in 0.15s[0m
2024.09.09 18:11:31 INFO  compiling 22001239_practical_10_f4dd477a3a (2 scala sources)[0m
2024.09.09 18:11:31 INFO  time: compiled 22001239_Practical_10_f4dd477a3a in 0.15s[0m
2024.09.09 18:12:33 INFO  compiling 22001239_practical_10_f4dd477a3a (2 scala sources)[0m
2024.09.09 18:12:33 INFO  time: compiled 22001239_Practical_10_f4dd477a3a in 0.22s[0m
2024.09.09 18:12:36 INFO  compiling 22001239_practical_10_f4dd477a3a (2 scala sources)[0m
2024.09.09 18:12:36 INFO  time: compiled 22001239_Practical_10_f4dd477a3a in 0.14s[0m
2024.09.09 18:12:37 INFO  compiling 22001239_practical_10_f4dd477a3a (2 scala sources)[0m
2024.09.09 18:12:37 INFO  time: compiled 22001239_Practical_10_f4dd477a3a in 0.16s[0m
2024.09.09 18:13:18 INFO  compiling 22001239_practical_10_f4dd477a3a (2 scala sources)[0m
2024.09.09 18:13:18 INFO  time: compiled 22001239_Practical_10_f4dd477a3a in 0.2s[0m
2024.09.09 18:13:25 INFO  compiling 22001239_practical_10_f4dd477a3a (2 scala sources)[0m
2024.09.09 18:13:25 INFO  time: compiled 22001239_Practical_10_f4dd477a3a in 0.17s[0m
2024.09.09 18:13:28 INFO  compiling 22001239_practical_10_f4dd477a3a (2 scala sources)[0m
2024.09.09 18:13:28 INFO  time: compiled 22001239_Practical_10_f4dd477a3a in 0.22s[0m
2024.09.09 18:13:29 INFO  compiling 22001239_practical_10_f4dd477a3a (2 scala sources)[0m
2024.09.09 18:13:29 INFO  time: compiled 22001239_Practical_10_f4dd477a3a in 0.2s[0m
2024.09.09 18:13:42 INFO  compiling 22001239_practical_10_f4dd477a3a (2 scala sources)[0m
2024.09.09 18:13:42 INFO  time: compiled 22001239_Practical_10_f4dd477a3a in 0.14s[0m
2024.09.09 18:14:25 INFO  compiling 22001239_practical_10_f4dd477a3a (2 scala sources)[0m
2024.09.09 18:14:25 INFO  time: compiled 22001239_Practical_10_f4dd477a3a in 0.23s[0m
2024.09.09 18:14:54 INFO  compiling 22001239_practical_10_f4dd477a3a (2 scala sources)[0m
2024.09.09 18:14:54 INFO  time: compiled 22001239_Practical_10_f4dd477a3a in 0.15s[0m
2024.09.09 18:14:58 INFO  compiling 22001239_practical_10_f4dd477a3a (2 scala sources)[0m
2024.09.09 18:14:58 INFO  time: compiled 22001239_Practical_10_f4dd477a3a in 0.14s[0m
2024.09.09 18:15:02 INFO  compiling 22001239_practical_10_f4dd477a3a (2 scala sources)[0m
2024.09.09 18:15:02 INFO  time: compiled 22001239_Practical_10_f4dd477a3a in 0.2s[0m
2024.09.09 18:15:23 INFO  compiling 22001239_practical_10_f4dd477a3a (2 scala sources)[0m
2024.09.09 18:15:23 INFO  time: compiled 22001239_Practical_10_f4dd477a3a in 0.13s[0m
2024.09.09 18:15:25 INFO  compiling 22001239_practical_10_f4dd477a3a (2 scala sources)[0m
2024.09.09 18:15:25 INFO  time: compiled 22001239_Practical_10_f4dd477a3a in 0.16s[0m
2024.09.09 18:15:27 INFO  compiling 22001239_practical_10_f4dd477a3a (2 scala sources)[0m
2024.09.09 18:15:27 INFO  time: compiled 22001239_Practical_10_f4dd477a3a in 0.12s[0m
2024.09.09 18:15:29 INFO  compiling 22001239_practical_10_f4dd477a3a (2 scala sources)[0m
2024.09.09 18:15:29 INFO  time: compiled 22001239_Practical_10_f4dd477a3a in 0.17s[0m
2024.09.09 18:15:30 INFO  compiling 22001239_practical_10_f4dd477a3a (2 scala sources)[0m
2024.09.09 18:15:30 INFO  time: compiled 22001239_Practical_10_f4dd477a3a in 0.16s[0m
2024.09.09 18:15:35 INFO  compiling 22001239_practical_10_f4dd477a3a (2 scala sources)[0m
2024.09.09 18:15:35 INFO  time: compiled 22001239_Practical_10_f4dd477a3a in 0.14s[0m
2024.09.09 18:16:18 INFO  compiling 22001239_practical_10_f4dd477a3a (2 scala sources)[0m
2024.09.09 18:16:20 INFO  time: compiled 22001239_Practical_10_f4dd477a3a in 1.43s[0m
2024.09.09 18:16:22 INFO  compiling 22001239_practical_10_f4dd477a3a (2 scala sources)[0m
2024.09.09 18:16:22 INFO  time: compiled 22001239_Practical_10_f4dd477a3a in 0.84s[0m
2024.09.09 18:16:23 INFO  compiling 22001239_practical_10_f4dd477a3a (2 scala sources)[0m
2024.09.09 18:16:23 INFO  time: compiled 22001239_Practical_10_f4dd477a3a in 0.68s[0m
2024.09.09 18:16:24 INFO  compiling 22001239_practical_10_f4dd477a3a (2 scala sources)[0m
2024.09.09 18:16:24 INFO  time: compiled 22001239_Practical_10_f4dd477a3a in 0.84s[0m
2024.09.09 18:16:30 INFO  compiling 22001239_practical_10_f4dd477a3a (2 scala sources)[0m
2024.09.09 18:16:30 INFO  time: compiled 22001239_Practical_10_f4dd477a3a in 0.56s[0m
2024.09.09 18:16:32 INFO  compiling 22001239_practical_10_f4dd477a3a (2 scala sources)[0m
2024.09.09 18:16:32 INFO  time: compiled 22001239_Practical_10_f4dd477a3a in 0.63s[0m
2024.09.09 18:16:35 INFO  compiling 22001239_practical_10_f4dd477a3a (2 scala sources)[0m
2024.09.09 18:16:35 INFO  time: compiled 22001239_Practical_10_f4dd477a3a in 0.52s[0m
2024.09.09 18:16:38 INFO  compiling 22001239_practical_10_f4dd477a3a (2 scala sources)[0m
2024.09.09 18:16:38 INFO  time: compiled 22001239_Practical_10_f4dd477a3a in 0.43s[0m
2024.09.09 18:17:53 INFO  compiling 22001239_practical_10_f4dd477a3a (2 scala sources)[0m
2024.09.09 18:17:53 INFO  time: compiled 22001239_Practical_10_f4dd477a3a in 0.62s[0m
2024.09.09 18:18:13 INFO  compiling 22001239_practical_10_f4dd477a3a (2 scala sources)[0m
2024.09.09 18:18:13 INFO  time: compiled 22001239_Practical_10_f4dd477a3a in 0.2s[0m
2024.09.09 18:18:18 INFO  compiling 22001239_practical_10_f4dd477a3a (2 scala sources)[0m
2024.09.09 18:18:18 INFO  time: compiled 22001239_Practical_10_f4dd477a3a in 0.34s[0m
2024.09.09 18:19:08 INFO  compiling 22001239_practical_10_f4dd477a3a (2 scala sources)[0m
2024.09.09 18:19:08 INFO  time: compiled 22001239_Practical_10_f4dd477a3a in 0.48s[0m
2024.09.09 18:19:12 INFO  compiling 22001239_practical_10_f4dd477a3a (2 scala sources)[0m
2024.09.09 18:19:12 INFO  time: compiled 22001239_Practical_10_f4dd477a3a in 0.42s[0m
2024.09.09 18:19:13 INFO  compiling 22001239_practical_10_f4dd477a3a (2 scala sources)[0m
2024.09.09 18:19:13 INFO  time: compiled 22001239_Practical_10_f4dd477a3a in 0.37s[0m
2024.09.09 18:23:10 INFO  compiling 22001239_practical_10_f4dd477a3a (2 scala sources)[0m
2024.09.09 18:23:10 INFO  time: compiled 22001239_Practical_10_f4dd477a3a in 0.2s[0m
2024.09.09 18:23:17 INFO  compiling 22001239_practical_10_f4dd477a3a (2 scala sources)[0m
2024.09.09 18:23:17 INFO  time: compiled 22001239_Practical_10_f4dd477a3a in 0.61s[0m
2024.09.09 18:34:08 INFO  no build target found for /mnt/a66ad743-1601-4348-99ee-1e8f5b440f29/UCSC/SCS 2204 - Functional Programming/Practicals - Viva/22001239_Practical_10/bankSystem/BankSystem.scala. Using presentation compiler with project's scala-library version: 3.3.3[0m
2024.09.09 18:34:08 INFO  compiling 22001239_practical_10_f4dd477a3a (3 scala sources)[0m
2024.09.09 18:34:09 INFO  running doctor check[0m
2024.09.09 18:34:09 INFO  java targets: 22001239_Practical_10_f4dd477a3a, 22001239_Practical_10_f4dd477a3a-test[0m
2024.09.09 18:34:09 WARN  Could not find semantic tokens for: file:///mnt/a66ad743-1601-4348-99ee-1e8f5b440f29/UCSC/SCS%202204%20-%20Functional%20Programming/Practicals%20-%20Viva/22001239_Practical_10/bankSystem/BankSystem.scala[0m
2024.09.09 18:34:09 INFO  compiling 22001239_practical_10_f4dd477a3a (3 scala sources)[0m
2024.09.09 18:34:09 INFO  time: compiled 22001239_Practical_10_f4dd477a3a in 0.97s[0m
2024.09.09 18:34:13 INFO  time: indexed workspace in 5.05s[0m
2024.09.09 18:37:15 INFO  compiling 22001239_practical_10_f4dd477a3a (3 scala sources)[0m
2024.09.09 18:37:15 INFO  time: compiled 22001239_Practical_10_f4dd477a3a in 0.61s[0m
2024.09.09 18:37:42 INFO  compiling 22001239_practical_10_f4dd477a3a (3 scala sources)[0m
2024.09.09 18:37:42 INFO  time: compiled 22001239_Practical_10_f4dd477a3a in 0.44s[0m
2024.09.09 18:37:46 INFO  compiling 22001239_practical_10_f4dd477a3a (3 scala sources)[0m
2024.09.09 18:37:46 INFO  time: compiled 22001239_Practical_10_f4dd477a3a in 0.55s[0m
2024.09.09 18:40:25 INFO  compiling 22001239_practical_10_f4dd477a3a (3 scala sources)[0m
2024.09.09 18:40:25 INFO  time: compiled 22001239_Practical_10_f4dd477a3a in 0.92s[0m
2024.09.09 18:40:27 INFO  compiling 22001239_practical_10_f4dd477a3a (3 scala sources)[0m
2024.09.09 18:40:27 INFO  time: compiled 22001239_Practical_10_f4dd477a3a in 0.56s[0m
2024.09.09 18:40:35 INFO  compiling 22001239_practical_10_f4dd477a3a (3 scala sources)[0m
2024.09.09 18:40:35 INFO  time: compiled 22001239_Practical_10_f4dd477a3a in 0.54s[0m
2024.09.09 18:40:37 INFO  compiling 22001239_practical_10_f4dd477a3a (3 scala sources)[0m
2024.09.09 18:40:37 INFO  time: compiled 22001239_Practical_10_f4dd477a3a in 0.41s[0m
2024.09.09 18:40:47 INFO  compiling 22001239_practical_10_f4dd477a3a (3 scala sources)[0m
2024.09.09 18:40:47 INFO  time: compiled 22001239_Practical_10_f4dd477a3a in 0.52s[0m
2024.09.09 18:40:53 INFO  compiling 22001239_practical_10_f4dd477a3a (3 scala sources)[0m
2024.09.09 18:40:53 INFO  time: compiled 22001239_Practical_10_f4dd477a3a in 0.5s[0m
Sep 09, 2024 6:40:54 PM org.eclipse.lsp4j.jsonrpc.RemoteEndpoint handleCancellation
WARNING: Unmatched cancel notification for request id 1051
2024.09.09 18:40:56 INFO  compiling 22001239_practical_10_f4dd477a3a (3 scala sources)[0m
2024.09.09 18:40:56 INFO  time: compiled 22001239_Practical_10_f4dd477a3a in 0.43s[0m
2024.09.09 18:40:59 INFO  compiling 22001239_practical_10_f4dd477a3a (3 scala sources)[0m
2024.09.09 18:40:59 INFO  time: compiled 22001239_Practical_10_f4dd477a3a in 0.46s[0m
2024.09.09 18:41:02 INFO  compiling 22001239_practical_10_f4dd477a3a (3 scala sources)[0m
2024.09.09 18:41:02 INFO  time: compiled 22001239_Practical_10_f4dd477a3a in 0.39s[0m
2024.09.09 18:41:03 INFO  compiling 22001239_practical_10_f4dd477a3a (3 scala sources)[0m
2024.09.09 18:41:03 INFO  time: compiled 22001239_Practical_10_f4dd477a3a in 0.38s[0m
2024.09.09 18:41:37 INFO  compiling 22001239_practical_10_f4dd477a3a (3 scala sources)[0m
2024.09.09 18:41:37 INFO  time: compiled 22001239_Practical_10_f4dd477a3a in 0.48s[0m
2024.09.09 18:41:38 INFO  compiling 22001239_practical_10_f4dd477a3a (3 scala sources)[0m
2024.09.09 18:41:38 INFO  time: compiled 22001239_Practical_10_f4dd477a3a in 0.6s[0m
2024.09.09 18:41:43 INFO  compiling 22001239_practical_10_f4dd477a3a (3 scala sources)[0m
2024.09.09 18:41:43 INFO  time: compiled 22001239_Practical_10_f4dd477a3a in 0.38s[0m
2024.09.09 18:42:57 INFO  compiling 22001239_practical_10_f4dd477a3a (3 scala sources)[0m
2024.09.09 18:42:57 INFO  time: compiled 22001239_Practical_10_f4dd477a3a in 0.44s[0m
2024.09.09 18:43:14 INFO  compiling 22001239_practical_10_f4dd477a3a (3 scala sources)[0m
2024.09.09 18:43:14 INFO  time: compiled 22001239_Practical_10_f4dd477a3a in 0.37s[0m
2024.09.09 18:43:59 INFO  compiling 22001239_practical_10_f4dd477a3a (3 scala sources)[0m
2024.09.09 18:43:59 INFO  time: compiled 22001239_Practical_10_f4dd477a3a in 0.71s[0m
2024.09.09 18:44:01 INFO  compiling 22001239_practical_10_f4dd477a3a (3 scala sources)[0m
2024.09.09 18:44:01 INFO  time: compiled 22001239_Practical_10_f4dd477a3a in 0.51s[0m
2024.09.09 18:44:08 INFO  compiling 22001239_practical_10_f4dd477a3a (3 scala sources)[0m
2024.09.09 18:44:08 INFO  time: compiled 22001239_Practical_10_f4dd477a3a in 0.39s[0m
2024.09.09 19:19:46 INFO  compiling 22001239_practical_10_f4dd477a3a (3 scala sources)[0m
2024.09.09 19:19:46 INFO  time: compiled 22001239_Practical_10_f4dd477a3a in 0.55s[0m
2024.09.09 19:19:49 INFO  compiling 22001239_practical_10_f4dd477a3a (3 scala sources)[0m
2024.09.09 19:19:49 INFO  time: compiled 22001239_Practical_10_f4dd477a3a in 0.44s[0m
2024.09.09 19:20:09 INFO  compiling 22001239_practical_10_f4dd477a3a (3 scala sources)[0m
2024.09.09 19:20:09 INFO  time: compiled 22001239_Practical_10_f4dd477a3a in 0.37s[0m
2024.09.09 19:22:38 INFO  no build target found for /mnt/a66ad743-1601-4348-99ee-1e8f5b440f29/UCSC/SCS 2204 - Functional Programming/Practicals - Viva/22001239_Practical_10/bankAccounts/BankAccounts.scala. Using presentation compiler with project's scala-library version: 3.3.3[0m
2024.09.09 19:22:39 INFO  compiling 22001239_practical_10_f4dd477a3a (4 scala sources)[0m
2024.09.09 19:22:39 INFO  no build target found for /mnt/a66ad743-1601-4348-99ee-1e8f5b440f29/UCSC/SCS 2204 - Functional Programming/Practicals - Viva/22001239_Practical_10/bankAccounts/BankAccounts.scala. Using presentation compiler with project's scala-library version: 3.3.3[0m
2024.09.09 19:22:39 INFO  running doctor check[0m
2024.09.09 19:22:39 INFO  java targets: 22001239_Practical_10_f4dd477a3a, 22001239_Practical_10_f4dd477a3a-test[0m
2024.09.09 19:22:39 WARN  Could not find semantic tokens for: file:///mnt/a66ad743-1601-4348-99ee-1e8f5b440f29/UCSC/SCS%202204%20-%20Functional%20Programming/Practicals%20-%20Viva/22001239_Practical_10/bankAccounts/BankAccounts.scala[0m
2024.09.09 19:22:39 INFO  compiling 22001239_practical_10_f4dd477a3a (4 scala sources)[0m
2024.09.09 19:22:41 INFO  time: compiled 22001239_Practical_10_f4dd477a3a in 0.73s[0m
2024.09.09 19:22:42 INFO  compiling 22001239_practical_10_f4dd477a3a (4 scala sources)[0m
2024.09.09 19:22:44 INFO  time: compiled 22001239_Practical_10_f4dd477a3a in 1.72s[0m
2024.09.09 19:22:44 INFO  time: indexed workspace in 4.99s[0m
2024.09.09 19:22:44 INFO  compiling 22001239_practical_10_f4dd477a3a (4 scala sources)[0m
2024.09.09 19:22:45 INFO  time: compiled 22001239_Practical_10_f4dd477a3a in 0.85s[0m
2024.09.09 19:22:52 INFO  compiling 22001239_practical_10_f4dd477a3a (4 scala sources)[0m
2024.09.09 19:22:52 INFO  time: compiled 22001239_Practical_10_f4dd477a3a in 0.54s[0m
2024.09.09 19:22:54 WARN  Could not find semantic tokens for: file:///mnt/a66ad743-1601-4348-99ee-1e8f5b440f29/UCSC/SCS%202204%20-%20Functional%20Programming/Practicals%20-%20Viva/22001239_Practical_10/bankAccounts/BankAccounts.scala[0m
2024.09.09 19:22:54 INFO  compiling 22001239_practical_10_f4dd477a3a (4 scala sources)[0m
2024.09.09 19:22:54 INFO  time: compiled 22001239_Practical_10_f4dd477a3a in 0.43s[0m
2024.09.09 19:22:55 WARN  Could not find semantic tokens for: file:///mnt/a66ad743-1601-4348-99ee-1e8f5b440f29/UCSC/SCS%202204%20-%20Functional%20Programming/Practicals%20-%20Viva/22001239_Practical_10/bankAccounts/BankAccounts.scala[0m
2024.09.09 19:22:57 INFO  compiling 22001239_practical_10_f4dd477a3a (4 scala sources)[0m
2024.09.09 19:22:57 INFO  time: compiled 22001239_Practical_10_f4dd477a3a in 0.67s[0m
2024.09.09 19:23:03 INFO  compiling 22001239_practical_10_f4dd477a3a (4 scala sources)[0m
2024.09.09 19:23:03 INFO  time: compiled 22001239_Practical_10_f4dd477a3a in 0.59s[0m
2024.09.09 19:23:08 INFO  compiling 22001239_practical_10_f4dd477a3a (4 scala sources)[0m
2024.09.09 19:23:08 INFO  time: compiled 22001239_Practical_10_f4dd477a3a in 0.55s[0m
2024.09.09 19:23:11 INFO  compiling 22001239_practical_10_f4dd477a3a (4 scala sources)[0m
2024.09.09 19:23:11 INFO  time: compiled 22001239_Practical_10_f4dd477a3a in 0.49s[0m
2024.09.09 19:23:21 INFO  compiling 22001239_practical_10_f4dd477a3a (4 scala sources)[0m
2024.09.09 19:23:21 INFO  time: compiled 22001239_Practical_10_f4dd477a3a in 0.65s[0m
2024.09.09 19:23:25 INFO  compiling 22001239_practical_10_f4dd477a3a (4 scala sources)[0m
2024.09.09 19:23:25 INFO  time: compiled 22001239_Practical_10_f4dd477a3a in 0.61s[0m
2024.09.09 19:23:31 INFO  compiling 22001239_practical_10_f4dd477a3a (4 scala sources)[0m
2024.09.09 19:23:31 INFO  time: compiled 22001239_Practical_10_f4dd477a3a in 0.58s[0m
2024.09.09 19:23:40 INFO  compiling 22001239_practical_10_f4dd477a3a (4 scala sources)[0m
2024.09.09 19:23:40 INFO  time: compiled 22001239_Practical_10_f4dd477a3a in 0.57s[0m
2024.09.09 19:23:41 INFO  compiling 22001239_practical_10_f4dd477a3a (4 scala sources)[0m
2024.09.09 19:23:41 INFO  time: compiled 22001239_Practical_10_f4dd477a3a in 0.55s[0m
2024.09.09 19:24:32 INFO  compiling 22001239_practical_10_f4dd477a3a (4 scala sources)[0m
2024.09.09 19:24:32 INFO  time: compiled 22001239_Practical_10_f4dd477a3a in 0.74s[0m
2024.09.09 19:24:45 INFO  compiling 22001239_practical_10_f4dd477a3a (4 scala sources)[0m
2024.09.09 19:24:45 INFO  time: compiled 22001239_Practical_10_f4dd477a3a in 0.57s[0m
2024.09.09 19:27:01 INFO  compiling 22001239_practical_10_f4dd477a3a (4 scala sources)[0m
2024.09.09 19:27:01 INFO  time: compiled 22001239_Practical_10_f4dd477a3a in 0.82s[0m
2024.09.09 19:27:10 INFO  compiling 22001239_practical_10_f4dd477a3a (4 scala sources)[0m
2024.09.09 19:27:10 INFO  time: compiled 22001239_Practical_10_f4dd477a3a in 0.75s[0m
2024.09.09 19:27:42 INFO  compiling 22001239_practical_10_f4dd477a3a (4 scala sources)[0m
2024.09.09 19:27:42 INFO  time: compiled 22001239_Practical_10_f4dd477a3a in 0.52s[0m
2024.09.09 19:27:44 INFO  compiling 22001239_practical_10_f4dd477a3a (4 scala sources)[0m
2024.09.09 19:27:44 INFO  time: compiled 22001239_Practical_10_f4dd477a3a in 0.93s[0m
2024.09.09 19:27:46 INFO  compiling 22001239_practical_10_f4dd477a3a (4 scala sources)[0m
2024.09.09 19:27:46 INFO  time: compiled 22001239_Practical_10_f4dd477a3a in 0.49s[0m
2024.09.09 19:27:48 INFO  compiling 22001239_practical_10_f4dd477a3a (4 scala sources)[0m
2024.09.09 19:27:48 INFO  time: compiled 22001239_Practical_10_f4dd477a3a in 0.49s[0m
2024.09.09 19:28:25 INFO  compiling 22001239_practical_10_f4dd477a3a (4 scala sources)[0m
2024.09.09 19:28:25 INFO  time: compiled 22001239_Practical_10_f4dd477a3a in 0.68s[0m
2024.09.09 19:28:27 INFO  compiling 22001239_practical_10_f4dd477a3a (4 scala sources)[0m
2024.09.09 19:28:27 INFO  time: compiled 22001239_Practical_10_f4dd477a3a in 0.6s[0m
2024.09.09 19:42:42 INFO  no build target found for /mnt/a66ad743-1601-4348-99ee-1e8f5b440f29/UCSC/SCS 2204 - Functional Programming/Practicals - Viva/22001239_Practical_10/wordCounter/WordCounter.scala. Using presentation compiler with project's scala-library version: 3.3.3[0m
2024.09.09 19:42:42 INFO  running doctor check[0m
2024.09.09 19:42:42 INFO  java targets: 22001239_Practical_10_f4dd477a3a, 22001239_Practical_10_f4dd477a3a-test[0m
2024.09.09 19:42:42 INFO  compiling 22001239_practical_10_f4dd477a3a (5 scala sources)[0m
2024.09.09 19:42:42 WARN  Could not find semantic tokens for: file:///mnt/a66ad743-1601-4348-99ee-1e8f5b440f29/UCSC/SCS%202204%20-%20Functional%20Programming/Practicals%20-%20Viva/22001239_Practical_10/wordCounter/WordCounter.scala[0m
2024.09.09 19:42:42 INFO  time: compiled 22001239_Practical_10_f4dd477a3a in 0.81s[0m
2024.09.09 19:42:42 INFO  compiling 22001239_practical_10_f4dd477a3a (5 scala sources)[0m
2024.09.09 19:42:44 INFO  time: compiled 22001239_Practical_10_f4dd477a3a in 0.83s[0m
2024.09.09 19:42:44 INFO  compiling 22001239_practical_10_f4dd477a3a (5 scala sources)[0m
2024.09.09 19:42:45 INFO  time: compiled 22001239_Practical_10_f4dd477a3a in 0.93s[0m
2024.09.09 19:42:47 INFO  time: indexed workspace in 4.87s[0m
2024.09.09 19:42:47 INFO  compiling 22001239_practical_10_f4dd477a3a (5 scala sources)[0m
2024.09.09 19:42:47 INFO  time: compiled 22001239_Practical_10_f4dd477a3a in 0.56s[0m
2024.09.09 19:42:50 INFO  compiling 22001239_practical_10_f4dd477a3a (5 scala sources)[0m
2024.09.09 19:42:50 INFO  time: compiled 22001239_Practical_10_f4dd477a3a in 0.64s[0m
2024.09.09 19:42:53 INFO  compiling 22001239_practical_10_f4dd477a3a (5 scala sources)[0m
2024.09.09 19:42:53 INFO  time: compiled 22001239_Practical_10_f4dd477a3a in 0.45s[0m
2024.09.09 19:42:58 INFO  compiling 22001239_practical_10_f4dd477a3a (5 scala sources)[0m
2024.09.09 19:42:58 INFO  time: compiled 22001239_Practical_10_f4dd477a3a in 0.62s[0m
2024.09.09 19:43:03 INFO  compiling 22001239_practical_10_f4dd477a3a (5 scala sources)[0m
2024.09.09 19:43:03 INFO  time: compiled 22001239_Practical_10_f4dd477a3a in 0.53s[0m
2024.09.09 19:45:01 INFO  compiling 22001239_practical_10_f4dd477a3a (5 scala sources)[0m
2024.09.09 19:45:01 INFO  time: compiled 22001239_Practical_10_f4dd477a3a in 0.69s[0m
2024.09.09 19:45:16 INFO  compiling 22001239_practical_10_f4dd477a3a (5 scala sources)[0m
2024.09.09 19:45:16 INFO  time: compiled 22001239_Practical_10_f4dd477a3a in 0.74s[0m
Sep 09, 2024 7:49:30 PM org.eclipse.lsp4j.jsonrpc.services.GenericEndpoint notify
INFO: Unsupported notification method: $/setTrace
